<?xml version="1.0" encoding="UTF-8"?>
<!-- Generated by org.testng.reporters.JUnitReportReporter -->
<testsuite hostname="DESKTOP-JJ6ULOB" failures="0" tests="1" name="com.vandvtechsolution.hybridframework01.testCase.LoginTC001" time="8.031" errors="0" timestamp="2022-04-22T11:45:18 IST" skipped="0">
  <testcase classname="com.vandvtechsolution.hybridframework01.testCase.LoginTC001" name="verifyLOginFunctionality" time="8.031"/>
  <system-out/>
</testsuite> <!-- com.vandvtechsolution.hybridframework01.testCase.LoginTC001 -->
